<?xml version="1.0" encoding="UTF-8"?>
<!-- Generated by org.testng.reporters.JUnitXMLReporter -->
<testsuite ignored="0" hostname="WINDOWS-1DOT8LB" failures="0" tests="9" name="Test" time="56.861" errors="0" timestamp="2023-12-06T12:52:41 EST">
  <testcase classname="testCases.TC_001_AccountRegistrationTest" name="verify_account_registration" time="3.932"/>
  <testcase classname="testCases.TC_002_LoginTest" name="verify_LoginTest" time="1.856"/>
  <testcase classname="testCases.TC_003_LoginDDT" name="verify_LoginDDTTest" time="1.488"/>
  <testcase classname="testCases.TC_003_LoginDDT" name="verify_LoginDDTTest" time="10.986"/>
  <testcase classname="testCases.TC_003_LoginDDT" name="verify_LoginDDTTest" time="10.946"/>
  <testcase classname="testCases.TC_003_LoginDDT" name="verify_LoginDDTTest" time="10.942"/>
  <testcase classname="testCases.TC_003_LoginDDT" name="verify_LoginDDTTest" time="1.418"/>
  <testcase classname="testCases.TC_004_SearchProductTest" name="verify_pruductSearch" time="0.753"/>
  <testcase classname="testCases.TC_005_AddToCartPageTest" name="verify_addToCart" time="1.54"/>
</testsuite> <!-- Test -->
