<?xml version="1.0" encoding="UTF-8"?>
<!-- Generated by org.testng.reporters.JUnitXMLReporter -->
<testsuite ignored="0" hostname="WINDOWS-1DOT8LB" failures="0" tests="9" name="Test" time="54.445" errors="0" timestamp="2023-12-07T17:54:18 EST">
  <testcase classname="testCases.TC_001_AccountRegistrationTest" name="verify_account_registration" time="3.778"/>
  <testcase classname="testCases.TC_002_LoginTest" name="verify_LoginTest" time="1.718"/>
  <testcase classname="testCases.TC_003_LoginDDT" name="verify_LoginDDTTest" time="1.38"/>
  <testcase classname="testCases.TC_003_LoginDDT" name="verify_LoginDDTTest" time="10.808"/>
  <testcase classname="testCases.TC_003_LoginDDT" name="verify_LoginDDTTest" time="10.86"/>
  <testcase classname="testCases.TC_003_LoginDDT" name="verify_LoginDDTTest" time="10.807"/>
  <testcase classname="testCases.TC_003_LoginDDT" name="verify_LoginDDTTest" time="1.4"/>
  <testcase classname="testCases.TC_004_SearchProductTest" name="verify_pruductSearch" time="0.772"/>
  <testcase classname="testCases.TC_005_AddToCartPageTest" name="verify_addToCart" time="1.486"/>
</testsuite> <!-- Test -->
