<?xml version="1.0" encoding="UTF-8"?>
<testng-results ignored="0" total="2" passed="2" failed="0" skipped="0">
  <reporter-output>
  </reporter-output>
  <suite started-at="2023-12-06T12:15:14 EST" name="Suite" finished-at="2023-12-06T12:15:23 EST" duration-ms="8268">
    <groups>
      <group name="master">
        <method signature="TC_004_SearchProductTest.verify_pruductSearch()[pri:0, instance:testCases.TC_004_SearchProductTest@393671df]" name="verify_pruductSearch" class="testCases.TC_004_SearchProductTest"/>
        <method signature="TC_005_AddToCartPageTest.verify_addToCart()[pri:0, instance:testCases.TC_005_AddToCartPageTest@1ab3a8c8]" name="verify_addToCart" class="testCases.TC_005_AddToCartPageTest"/>
      </group> <!-- master -->
    </groups>
    <test started-at="2023-12-06T12:15:14 EST" name="Test" finished-at="2023-12-06T12:15:23 EST" duration-ms="8268">
      <class name="testCases.TC_005_AddToCartPageTest">
        <test-method is-config="true" signature="setup(java.lang.String,java.lang.String)[pri:0, instance:testCases.TC_005_AddToCartPageTest@1ab3a8c8]" started-at="2023-12-06T12:15:19 EST" name="setup" finished-at="2023-12-06T12:15:21 EST" duration-ms="1976" status="PASS">
          <params>
            <param index="0">
              <value>
                <![CDATA[windows]]>
              </value>
            </param>
            <param index="1">
              <value>
                <![CDATA[chrome]]>
              </value>
            </param>
          </params>
          <reporter-output>
          </reporter-output>
        </test-method> <!-- setup -->
        <test-method signature="verify_addToCart()[pri:0, instance:testCases.TC_005_AddToCartPageTest@1ab3a8c8]" started-at="2023-12-06T12:15:21 EST" name="verify_addToCart" finished-at="2023-12-06T12:15:22 EST" duration-ms="1617" status="PASS">
          <reporter-output>
          </reporter-output>
        </test-method> <!-- verify_addToCart -->
        <test-method is-config="true" signature="tearDown()[pri:0, instance:testCases.TC_005_AddToCartPageTest@1ab3a8c8]" started-at="2023-12-06T12:15:22 EST" name="tearDown" finished-at="2023-12-06T12:15:23 EST" duration-ms="223" status="PASS">
          <reporter-output>
          </reporter-output>
        </test-method> <!-- tearDown -->
      </class> <!-- testCases.TC_005_AddToCartPageTest -->
      <class name="testCases.TC_004_SearchProductTest">
        <test-method is-config="true" signature="setup(java.lang.String,java.lang.String)[pri:0, instance:testCases.TC_004_SearchProductTest@393671df]" started-at="2023-12-06T12:15:14 EST" name="setup" finished-at="2023-12-06T12:15:18 EST" duration-ms="3118" status="PASS">
          <params>
            <param index="0">
              <value>
                <![CDATA[windows]]>
              </value>
            </param>
            <param index="1">
              <value>
                <![CDATA[chrome]]>
              </value>
            </param>
          </params>
          <reporter-output>
          </reporter-output>
        </test-method> <!-- setup -->
        <test-method signature="verify_pruductSearch()[pri:0, instance:testCases.TC_004_SearchProductTest@393671df]" started-at="2023-12-06T12:15:18 EST" name="verify_pruductSearch" finished-at="2023-12-06T12:15:18 EST" duration-ms="889" status="PASS">
          <reporter-output>
          </reporter-output>
        </test-method> <!-- verify_pruductSearch -->
        <test-method is-config="true" signature="tearDown()[pri:0, instance:testCases.TC_004_SearchProductTest@393671df]" started-at="2023-12-06T12:15:19 EST" name="tearDown" finished-at="2023-12-06T12:15:19 EST" duration-ms="186" status="PASS">
          <reporter-output>
          </reporter-output>
        </test-method> <!-- tearDown -->
      </class> <!-- testCases.TC_004_SearchProductTest -->
    </test> <!-- Test -->
  </suite> <!-- Suite -->
</testng-results>
