<?xml version="1.0" encoding="UTF-8"?>
<testng-results ignored="0" total="9" passed="9" failed="0" skipped="0">
  <reporter-output>
  </reporter-output>
  <suite started-at="2023-12-07T17:53:23 EST" name="Suite" finished-at="2023-12-07T17:54:17 EST" duration-ms="54445">
    <groups>
      <group name="regression">
        <method signature="TC_001_AccountRegistrationTest.verify_account_registration()[pri:0, instance:testCases.TC_001_AccountRegistrationTest@6dc17b83]" name="verify_account_registration" class="testCases.TC_001_AccountRegistrationTest"/>
      </group> <!-- regression -->
      <group name="sanity">
        <method signature="TC_002_LoginTest.verify_LoginTest()[pri:0, instance:testCases.TC_002_LoginTest@74e52303]" name="verify_LoginTest" class="testCases.TC_002_LoginTest"/>
      </group> <!-- sanity -->
      <group name="master">
        <method signature="TC_001_AccountRegistrationTest.verify_account_registration()[pri:0, instance:testCases.TC_001_AccountRegistrationTest@6dc17b83]" name="verify_account_registration" class="testCases.TC_001_AccountRegistrationTest"/>
        <method signature="TC_002_LoginTest.verify_LoginTest()[pri:0, instance:testCases.TC_002_LoginTest@74e52303]" name="verify_LoginTest" class="testCases.TC_002_LoginTest"/>
        <method signature="TC_003_LoginDDT.verify_LoginDDTTest(java.lang.String,java.lang.String,java.lang.String)[pri:0, instance:testCases.TC_003_LoginDDT@47af7f3d]" name="verify_LoginDDTTest" class="testCases.TC_003_LoginDDT"/>
        <method signature="TC_004_SearchProductTest.verify_pruductSearch()[pri:0, instance:testCases.TC_004_SearchProductTest@7c729a55]" name="verify_pruductSearch" class="testCases.TC_004_SearchProductTest"/>
        <method signature="TC_005_AddToCartPageTest.verify_addToCart()[pri:0, instance:testCases.TC_005_AddToCartPageTest@3bb9a3ff]" name="verify_addToCart" class="testCases.TC_005_AddToCartPageTest"/>
      </group> <!-- master -->
    </groups>
    <test started-at="2023-12-07T17:53:23 EST" name="Test" finished-at="2023-12-07T17:54:17 EST" duration-ms="54445">
      <class name="testCases.TC_001_AccountRegistrationTest">
        <test-method is-config="true" signature="setup(java.lang.String,java.lang.String)[pri:0, instance:testCases.TC_001_AccountRegistrationTest@6dc17b83]" started-at="2023-12-07T17:53:23 EST" name="setup" finished-at="2023-12-07T17:53:25 EST" duration-ms="2574" status="PASS">
          <params>
            <param index="0">
              <value>
                <![CDATA[windows]]>
              </value>
            </param>
            <param index="1">
              <value>
                <![CDATA[chrome]]>
              </value>
            </param>
          </params>
          <reporter-output>
          </reporter-output>
        </test-method> <!-- setup -->
        <test-method signature="verify_account_registration()[pri:0, instance:testCases.TC_001_AccountRegistrationTest@6dc17b83]" started-at="2023-12-07T17:53:25 EST" name="verify_account_registration" finished-at="2023-12-07T17:53:29 EST" duration-ms="3778" status="PASS">
          <reporter-output>
          </reporter-output>
        </test-method> <!-- verify_account_registration -->
        <test-method is-config="true" signature="tearDown()[pri:0, instance:testCases.TC_001_AccountRegistrationTest@6dc17b83]" started-at="2023-12-07T17:53:29 EST" name="tearDown" finished-at="2023-12-07T17:53:29 EST" duration-ms="171" status="PASS">
          <reporter-output>
          </reporter-output>
        </test-method> <!-- tearDown -->
      </class> <!-- testCases.TC_001_AccountRegistrationTest -->
      <class name="testCases.TC_002_LoginTest">
        <test-method is-config="true" signature="setup(java.lang.String,java.lang.String)[pri:0, instance:testCases.TC_002_LoginTest@74e52303]" started-at="2023-12-07T17:53:29 EST" name="setup" finished-at="2023-12-07T17:53:31 EST" duration-ms="1764" status="PASS">
          <params>
            <param index="0">
              <value>
                <![CDATA[windows]]>
              </value>
            </param>
            <param index="1">
              <value>
                <![CDATA[chrome]]>
              </value>
            </param>
          </params>
          <reporter-output>
          </reporter-output>
        </test-method> <!-- setup -->
        <test-method signature="verify_LoginTest()[pri:0, instance:testCases.TC_002_LoginTest@74e52303]" started-at="2023-12-07T17:53:31 EST" name="verify_LoginTest" finished-at="2023-12-07T17:53:33 EST" duration-ms="1718" status="PASS">
          <reporter-output>
          </reporter-output>
        </test-method> <!-- verify_LoginTest -->
        <test-method is-config="true" signature="tearDown()[pri:0, instance:testCases.TC_002_LoginTest@74e52303]" started-at="2023-12-07T17:53:33 EST" name="tearDown" finished-at="2023-12-07T17:53:33 EST" duration-ms="142" status="PASS">
          <reporter-output>
          </reporter-output>
        </test-method> <!-- tearDown -->
      </class> <!-- testCases.TC_002_LoginTest -->
      <class name="testCases.TC_005_AddToCartPageTest">
        <test-method is-config="true" signature="setup(java.lang.String,java.lang.String)[pri:0, instance:testCases.TC_005_AddToCartPageTest@3bb9a3ff]" started-at="2023-12-07T17:54:14 EST" name="setup" finished-at="2023-12-07T17:54:16 EST" duration-ms="1704" status="PASS">
          <params>
            <param index="0">
              <value>
                <![CDATA[windows]]>
              </value>
            </param>
            <param index="1">
              <value>
                <![CDATA[chrome]]>
              </value>
            </param>
          </params>
          <reporter-output>
          </reporter-output>
        </test-method> <!-- setup -->
        <test-method signature="verify_addToCart()[pri:0, instance:testCases.TC_005_AddToCartPageTest@3bb9a3ff]" started-at="2023-12-07T17:54:16 EST" name="verify_addToCart" finished-at="2023-12-07T17:54:17 EST" duration-ms="1486" status="PASS">
          <reporter-output>
          </reporter-output>
        </test-method> <!-- verify_addToCart -->
        <test-method is-config="true" signature="tearDown()[pri:0, instance:testCases.TC_005_AddToCartPageTest@3bb9a3ff]" started-at="2023-12-07T17:54:17 EST" name="tearDown" finished-at="2023-12-07T17:54:17 EST" duration-ms="166" status="PASS">
          <reporter-output>
          </reporter-output>
        </test-method> <!-- tearDown -->
      </class> <!-- testCases.TC_005_AddToCartPageTest -->
      <class name="testCases.TC_004_SearchProductTest">
        <test-method is-config="true" signature="setup(java.lang.String,java.lang.String)[pri:0, instance:testCases.TC_004_SearchProductTest@7c729a55]" started-at="2023-12-07T17:54:11 EST" name="setup" finished-at="2023-12-07T17:54:13 EST" duration-ms="1701" status="PASS">
          <params>
            <param index="0">
              <value>
                <![CDATA[windows]]>
              </value>
            </param>
            <param index="1">
              <value>
                <![CDATA[chrome]]>
              </value>
            </param>
          </params>
          <reporter-output>
          </reporter-output>
        </test-method> <!-- setup -->
        <test-method signature="verify_pruductSearch()[pri:0, instance:testCases.TC_004_SearchProductTest@7c729a55]" started-at="2023-12-07T17:54:13 EST" name="verify_pruductSearch" finished-at="2023-12-07T17:54:14 EST" duration-ms="772" status="PASS">
          <reporter-output>
          </reporter-output>
        </test-method> <!-- verify_pruductSearch -->
        <test-method is-config="true" signature="tearDown()[pri:0, instance:testCases.TC_004_SearchProductTest@7c729a55]" started-at="2023-12-07T17:54:14 EST" name="tearDown" finished-at="2023-12-07T17:54:14 EST" duration-ms="150" status="PASS">
          <reporter-output>
          </reporter-output>
        </test-method> <!-- tearDown -->
      </class> <!-- testCases.TC_004_SearchProductTest -->
      <class name="testCases.TC_003_LoginDDT">
        <test-method is-config="true" signature="setup(java.lang.String,java.lang.String)[pri:0, instance:testCases.TC_003_LoginDDT@47af7f3d]" started-at="2023-12-07T17:53:33 EST" name="setup" finished-at="2023-12-07T17:53:35 EST" duration-ms="1738" status="PASS">
          <params>
            <param index="0">
              <value>
                <![CDATA[windows]]>
              </value>
            </param>
            <param index="1">
              <value>
                <![CDATA[chrome]]>
              </value>
            </param>
          </params>
          <reporter-output>
          </reporter-output>
        </test-method> <!-- setup -->
        <test-method signature="verify_LoginDDTTest(java.lang.String,java.lang.String,java.lang.String)[pri:0, instance:testCases.TC_003_LoginDDT@47af7f3d]" started-at="2023-12-07T17:53:36 EST" name="verify_LoginDDTTest" data-provider="LoginData" finished-at="2023-12-07T17:53:37 EST" duration-ms="1380" status="PASS">
          <params>
            <param index="0">
              <value>
                <![CDATA[muraligudla@gmail.com]]>
              </value>
            </param>
            <param index="1">
              <value>
                <![CDATA[murali@123]]>
              </value>
            </param>
            <param index="2">
              <value>
                <![CDATA[Valid]]>
              </value>
            </param>
          </params>
          <reporter-output>
          </reporter-output>
        </test-method> <!-- verify_LoginDDTTest -->
        <test-method signature="verify_LoginDDTTest(java.lang.String,java.lang.String,java.lang.String)[pri:0, instance:testCases.TC_003_LoginDDT@47af7f3d]" started-at="2023-12-07T17:53:37 EST" name="verify_LoginDDTTest" data-provider="LoginData" finished-at="2023-12-07T17:53:48 EST" duration-ms="10808" status="PASS">
          <params>
            <param index="0">
              <value>
                <![CDATA[johndavid@yahoo.com]]>
              </value>
            </param>
            <param index="1">
              <value>
                <![CDATA[john@123]]>
              </value>
            </param>
            <param index="2">
              <value>
                <![CDATA[Invalid]]>
              </value>
            </param>
          </params>
          <reporter-output>
          </reporter-output>
        </test-method> <!-- verify_LoginDDTTest -->
        <test-method signature="verify_LoginDDTTest(java.lang.String,java.lang.String,java.lang.String)[pri:0, instance:testCases.TC_003_LoginDDT@47af7f3d]" started-at="2023-12-07T17:53:48 EST" name="verify_LoginDDTTest" data-provider="LoginData" finished-at="2023-12-07T17:53:59 EST" duration-ms="10860" status="PASS">
          <params>
            <param index="0">
              <value>
                <![CDATA[michaelplants@hotmail.com]]>
              </value>
            </param>
            <param index="1">
              <value>
                <![CDATA[plants@12]]>
              </value>
            </param>
            <param index="2">
              <value>
                <![CDATA[Invalid]]>
              </value>
            </param>
          </params>
          <reporter-output>
          </reporter-output>
        </test-method> <!-- verify_LoginDDTTest -->
        <test-method signature="verify_LoginDDTTest(java.lang.String,java.lang.String,java.lang.String)[pri:0, instance:testCases.TC_003_LoginDDT@47af7f3d]" started-at="2023-12-07T17:53:59 EST" name="verify_LoginDDTTest" data-provider="LoginData" finished-at="2023-12-07T17:54:10 EST" duration-ms="10807" status="PASS">
          <params>
            <param index="0">
              <value>
                <![CDATA[bhanu@comcast.net]]>
              </value>
            </param>
            <param index="1">
              <value>
                <![CDATA[bhanu@433]]>
              </value>
            </param>
            <param index="2">
              <value>
                <![CDATA[Invalid]]>
              </value>
            </param>
          </params>
          <reporter-output>
          </reporter-output>
        </test-method> <!-- verify_LoginDDTTest -->
        <test-method signature="verify_LoginDDTTest(java.lang.String,java.lang.String,java.lang.String)[pri:0, instance:testCases.TC_003_LoginDDT@47af7f3d]" started-at="2023-12-07T17:54:10 EST" name="verify_LoginDDTTest" data-provider="LoginData" finished-at="2023-12-07T17:54:11 EST" duration-ms="1400" status="PASS">
          <params>
            <param index="0">
              <value>
                <![CDATA[rajkumar@hotmail.com]]>
              </value>
            </param>
            <param index="1">
              <value>
                <![CDATA[rajkumar@123]]>
              </value>
            </param>
            <param index="2">
              <value>
                <![CDATA[Valid]]>
              </value>
            </param>
          </params>
          <reporter-output>
          </reporter-output>
        </test-method> <!-- verify_LoginDDTTest -->
        <test-method is-config="true" signature="tearDown()[pri:0, instance:testCases.TC_003_LoginDDT@47af7f3d]" started-at="2023-12-07T17:54:11 EST" name="tearDown" finished-at="2023-12-07T17:54:11 EST" duration-ms="186" status="PASS">
          <reporter-output>
          </reporter-output>
        </test-method> <!-- tearDown -->
      </class> <!-- testCases.TC_003_LoginDDT -->
    </test> <!-- Test -->
  </suite> <!-- Suite -->
</testng-results>
